<?xml version="1.0" encoding="UTF-8"?>
<testng-results ignored="0" total="3" passed="3" failed="0" skipped="0">
  <reporter-output>
  </reporter-output>
  <suite started-at="2021-01-21T21:40:07 IST" name="Default suite" finished-at="2021-01-21T21:40:35 IST" duration-ms="27650">
    <groups>
    </groups>
    <test started-at="2021-01-21T21:40:07 IST" name="Default test" finished-at="2021-01-21T21:40:35 IST" duration-ms="27650">
      <class name="utils.ExcelDataProvider">
        <test-method is-config="true" signature="setUpTest()[pri:0, instance:utils.ExcelDataProvider@1725dc0f]" started-at="2021-01-21T21:40:07 IST" name="setUpTest" finished-at="2021-01-21T21:40:18 IST" duration-ms="10437" status="PASS">
          <reporter-output>
          </reporter-output>
        </test-method> <!-- setUpTest -->
        <test-method signature="Test1(java.lang.String, java.lang.String)[pri:0, instance:utils.ExcelDataProvider@1725dc0f]" started-at="2021-01-21T21:40:21 IST" name="Test1" data-provider="test1data" finished-at="2021-01-21T21:40:29 IST" duration-ms="7924" status="PASS">
          <params>
            <param index="0">
              <value>
                <![CDATA[Admin]]>
              </value>
            </param>
            <param index="1">
              <value>
                <![CDATA[admin123]]>
              </value>
            </param>
          </params>
          <reporter-output>
          </reporter-output>
        </test-method> <!-- Test1 -->
        <test-method signature="Test1(java.lang.String, java.lang.String)[pri:0, instance:utils.ExcelDataProvider@1725dc0f]" started-at="2021-01-21T21:40:29 IST" name="Test1" data-provider="test1data" finished-at="2021-01-21T21:40:32 IST" duration-ms="3019" status="PASS">
          <params>
            <param index="0">
              <value>
                <![CDATA[Admin2]]>
              </value>
            </param>
            <param index="1">
              <value>
                <![CDATA[admin1234]]>
              </value>
            </param>
          </params>
          <reporter-output>
          </reporter-output>
        </test-method> <!-- Test1 -->
        <test-method signature="Test1(java.lang.String, java.lang.String)[pri:0, instance:utils.ExcelDataProvider@1725dc0f]" started-at="2021-01-21T21:40:32 IST" name="Test1" data-provider="test1data" finished-at="2021-01-21T21:40:35 IST" duration-ms="2979" status="PASS">
          <params>
            <param index="0">
              <value>
                <![CDATA[Admin3]]>
              </value>
            </param>
            <param index="1">
              <value>
                <![CDATA[admin12345]]>
              </value>
            </param>
          </params>
          <reporter-output>
          </reporter-output>
        </test-method> <!-- Test1 -->
      </class> <!-- utils.ExcelDataProvider -->
    </test> <!-- Default test -->
  </suite> <!-- Default suite -->
</testng-results>
