<?xml version="1.0" encoding="UTF-8"?>
<!-- Generated by org.testng.reporters.JUnitXMLReporter -->
<testsuite ignored="0" hostname="DESKTOP-2T45VRB" failures="0" tests="3" name="Default test" time="27.65" errors="0" timestamp="2021-01-21T21:40:35 IST">
  <testcase classname="utils.ExcelDataProvider" name="Test1" time="7.924"/>
  <testcase classname="utils.ExcelDataProvider" name="Test1" time="3.019"/>
  <testcase classname="utils.ExcelDataProvider" name="Test1" time="2.979"/>
</testsuite> <!-- Default test -->
